; ModuleID = 'Crusty'
source_filename = "Crusty"

@fmt = private unnamed_addr constant [4 x i8] c"%d\0A\00", align 1
@fmt.1 = private unnamed_addr constant [4 x i8] c"%d\0A\00", align 1
@globalstring = private unnamed_addr constant [7 x i8] c"hello\0A\00", align 1

define i32 @add(i32* %0, { i32, i32 }* %1) {
entry:
  %x = alloca i32*, align 8
  store i32* %0, i32** %x, align 8
  %z = alloca { i32, i32 }*, align 8
  store { i32, i32 }* %1, { i32, i32 }** %z, align 8
  %y = alloca i32, align 4
  %w = alloca { i32, i32 }, align 8
  %v = alloca { i32, i32 }, align 8
  %tmp = load i32*, i32** %x, align 8
  %x_val = load i32, i32* %tmp, align 4
  %tmp1 = add i32 %x_val, 2
  store i32 %tmp1, i32* %y, align 4
  %deref = load i32*, i32** %x, align 8
  store i32 333, i32* %deref, align 4
  %y2 = load i32, i32* %y, align 4
  %printf = call i32 (i8*, ...) @printf(i8* getelementptr inbounds ([4 x i8], [4 x i8]* @fmt, i32 0, i32 0), i32 %y2)
  %tmp3 = load { i32, i32 }*, { i32, i32 }** %z, align 8
  %z_val = load { i32, i32 }, { i32, i32 }* %tmp3, align 4
  store { i32, i32 } %z_val, { i32, i32 }* %w, align 4
  %tmp4 = load { i32, i32 }*, { i32, i32 }** %z, align 8
  %z_val5 = load { i32, i32 }, { i32, i32 }* %tmp4, align 4
  store { i32, i32 } %z_val5, { i32, i32 }* %v, align 4
  %y6 = getelementptr inbounds { i32, i32 }, { i32, i32 }* %w, i32 0, i32 1
  %tmp7 = load i32, i32* %y6, align 4
  %printf8 = call i32 (i8*, ...) @printf(i8* getelementptr inbounds ([4 x i8], [4 x i8]* @fmt, i32 0, i32 0), i32 %tmp7)
  %tmp9 = getelementptr inbounds { i32, i32 }, { i32, i32 }* %w, i32 0, i32 0
  store i32 245, i32* %tmp9, align 4
  %x10 = getelementptr inbounds { i32, i32 }, { i32, i32 }* %w, i32 0, i32 0
  %tmp11 = load i32, i32* %x10, align 4
  %printf12 = call i32 (i8*, ...) @printf(i8* getelementptr inbounds ([4 x i8], [4 x i8]* @fmt, i32 0, i32 0), i32 %tmp11)
  %x13 = getelementptr inbounds { i32, i32 }, { i32, i32 }* %v, i32 0, i32 0
  %tmp14 = load i32, i32* %x13, align 4
  %printf15 = call i32 (i8*, ...) @printf(i8* getelementptr inbounds ([4 x i8], [4 x i8]* @fmt, i32 0, i32 0), i32 %tmp14)
  ret i32 0
}

define i32 @main(i32 %0) {
entry:
  %y = alloca i32, align 4
  store i32 %0, i32* %y, align 4
  %a = alloca { i32, i32 }, align 8
  %p = alloca { i32, i32 }, align 8
  %g = alloca i32, align 4
  %x = alloca i32, align 4
  %z = alloca i32, align 4
  %s = alloca i8*, align 8
  %b = alloca i1, align 1
  %b1 = alloca i1, align 1
  %c = alloca i8, align 1
  %f = alloca float, align 4
  store i32 3, i32* %g, align 4
  %tmp = getelementptr inbounds { i32, i32 }, { i32, i32 }* %a, i32 0, i32 0
  store i32 111, i32* %tmp, align 4
  %tmp1 = getelementptr inbounds { i32, i32 }, { i32, i32 }* %a, i32 0, i32 1
  store i32 222, i32* %tmp1, align 4
  %add_result = call i32 @add(i32* %g, { i32, i32 }* %a)
  %y2 = getelementptr inbounds { i32, i32 }, { i32, i32 }* %a, i32 0, i32 1
  %tmp3 = load i32, i32* %y2, align 4
  %printf = call i32 (i8*, ...) @printf(i8* getelementptr inbounds ([4 x i8], [4 x i8]* @fmt.1, i32 0, i32 0), i32 %tmp3)
  %g4 = load i32, i32* %g, align 4
  %printf5 = call i32 (i8*, ...) @printf(i8* getelementptr inbounds ([4 x i8], [4 x i8]* @fmt.1, i32 0, i32 0), i32 %g4)
  %tmp6 = getelementptr inbounds { i32, i32 }, { i32, i32 }* %a, i32 0, i32 1
  store i32 2, i32* %tmp6, align 4
  %tmp7 = getelementptr inbounds { i32, i32 }, { i32, i32 }* %p, i32 0, i32 0
  store i32 3, i32* %tmp7, align 4
  %x8 = getelementptr inbounds { i32, i32 }, { i32, i32 }* %a, i32 0, i32 0
  %tmp9 = load i32, i32* %x8, align 4
  %printf10 = call i32 (i8*, ...) @printf(i8* getelementptr inbounds ([4 x i8], [4 x i8]* @fmt.1, i32 0, i32 0), i32 %tmp9)
  %y11 = getelementptr inbounds { i32, i32 }, { i32, i32 }* %a, i32 0, i32 1
  %tmp12 = load i32, i32* %y11, align 4
  %printf13 = call i32 (i8*, ...) @printf(i8* getelementptr inbounds ([4 x i8], [4 x i8]* @fmt.1, i32 0, i32 0), i32 %tmp12)
  %x14 = getelementptr inbounds { i32, i32 }, { i32, i32 }* %p, i32 0, i32 0
  %tmp15 = load i32, i32* %x14, align 4
  %printf16 = call i32 (i8*, ...) @printf(i8* getelementptr inbounds ([4 x i8], [4 x i8]* @fmt.1, i32 0, i32 0), i32 %tmp15)
  store i32 4, i32* %x, align 4
  %x17 = load i32, i32* %x, align 4
  %x18 = load i32, i32* %x, align 4
  %tmp19 = add i32 %x17, %x18
  store i32 %tmp19, i32* %y, align 4
  %y20 = load i32, i32* %y, align 4
  %printf21 = call i32 (i8*, ...) @printf(i8* getelementptr inbounds ([4 x i8], [4 x i8]* @fmt.1, i32 0, i32 0), i32 %y20)
  store i8* getelementptr inbounds ([7 x i8], [7 x i8]* @globalstring, i32 0, i32 0), i8** %s, align 8
  store i1 false, i1* %b, align 1
  store i1 true, i1* %b1, align 1
  store i8 99, i8* %c, align 1
  store float 0x40091EB840000000, float* %f, align 4
  %z22 = alloca i32, align 4
  store i32 1, i32* %z22, align 4
  store i32 3, i32* %z, align 4
  ret i32 0
}

declare i32 @printf(i8*, ...)
